<?xml version="1.0" encoding="UTF-8"?>
<testsuite xmlns:xsi="http://www.w3.org/2001/XMLSchema-instance" xsi:noNamespaceSchemaLocation="https://maven.apache.org/surefire/maven-surefire-plugin/xsd/surefire-test-report.xsd" version="3.0.2" name="ch.awae.mycloud.email.outbox.EmailSendServiceImplTest" time="10.639" tests="3" errors="0" skipped="0" failures="0">
  <properties>
[...]
</properties>
  <testcase name="sending message without uid twice creates 2 messages" classname="ch.awae.mycloud.email.outbox.EmailSendServiceImplTest" time="0.22">
    <system-out><![CDATA[
  .   ____          _            __ _ _
 /\\ / ___'_ __ _ _(_)_ __  __ _ \ \ \ \
( ( )\___ | '_ | '_| | '_ \/ _` | \ \ \ \
 \\/  ___)| |_)| | | | | || (_| |  ) ) ) )
  '  |____| .__|_| |_|_| |_\__, | / / / /
 =========|_|==============|___/=/_/_/_/

 :: Spring Boot ::                (v4.0.2)

2026-02-18T18:20:31.987+01:00  INFO 11964 --- [           main] c.a.m.e.outbox.EmailSendServiceImplTest  : Starting EmailSendServiceImplTest using Java 21.0.5 with PID 11964 (started by andre in C:\Users\andre\IdeaProjects\my-cloud\modules\module-email)
2026-02-18T18:20:31.991+01:00 DEBUG 11964 --- [           main] c.a.m.e.outbox.EmailSendServiceImplTest  : Running with Spring Boot v4.0.2, Spring v7.0.3
2026-02-18T18:20:31.991+01:00  INFO 11964 --- [           main] c.a.m.e.outbox.EmailSendServiceImplTest  : The following 2 profiles are active: "test-container", "module-test"
2026-02-18T18:20:32.790+01:00  INFO 11964 --- [           main] .s.d.r.c.RepositoryConfigurationDelegate : Bootstrapping Spring Data JPA repositories in DEFAULT mode.
2026-02-18T18:20:32.865+01:00  INFO 11964 --- [           main] .s.d.r.c.RepositoryConfigurationDelegate : Finished Spring Data repository scanning in 58 ms. Found 1 JPA repository interface.
2026-02-18T18:20:34.128+01:00  INFO 11964 --- [           main] c.a.m.test.ModuleTestFlywayStrategy      : migrating core schema
2026-02-18T18:20:34.153+01:00  INFO 11964 --- [           main] com.zaxxer.hikari.HikariDataSource       : HikariPool-1 - Starting...
2026-02-18T18:20:34.183+01:00  INFO 11964 --- [           main] org.testcontainers.images.PullPolicy     : Image pull policy will be performed by: DefaultPullPolicy()
2026-02-18T18:20:34.184+01:00  INFO 11964 --- [           main] o.t.utility.ImageNameSubstitutor         : Image name substitution will be performed by: DefaultImageNameSubstitutor (composite of 'ConfigurationFileImageNameSubstitutor' and 'PrefixingImageNameSubstitutor')
2026-02-18T18:20:34.192+01:00  INFO 11964 --- [           main] org.testcontainers.DockerClientFactory   : Testcontainers version: 2.0.3
2026-02-18T18:20:34.351+01:00  INFO 11964 --- [           main] o.t.d.DockerClientProviderStrategy       : Loaded org.testcontainers.dockerclient.NpipeSocketClientProviderStrategy from ~/.testcontainers.properties, will try it first
2026-02-18T18:20:34.367+01:00  WARN 11964 --- [           main] o.t.d.DockerClientProviderStrategy       : DOCKER_HOST tcp://127.0.0.1:51576 is not listening

java.net.ConnectException: Connection refused: connect
	at java.base/sun.nio.ch.Net.connect0(Native Method) ~[na:na]
	at java.base/sun.nio.ch.Net.connect(Net.java:589) ~[na:na]
	at java.base/sun.nio.ch.Net.connect(Net.java:578) ~[na:na]
	at java.base/sun.nio.ch.NioSocketImpl.connect(NioSocketImpl.java:583) ~[na:na]
	at java.base/java.net.SocksSocketImpl.connect(SocksSocketImpl.java:327) ~[na:na]
	at java.base/java.net.Socket.connect(Socket.java:751) ~[na:na]
	at java.base/java.net.Socket.connect(Socket.java:686) ~[na:na]
	at org.testcontainers.dockerclient.DockerClientProviderStrategy.lambda$test$3(DockerClientProviderStrategy.java:214) ~[testcontainers-2.0.3.jar:2.0.3]
	at org.testcontainers.shaded.org.awaitility.core.AssertionCondition.lambda$new$0(AssertionCondition.java:53) ~[testcontainers-2.0.3.jar:2.0.3]
	at org.testcontainers.shaded.org.awaitility.core.ConditionAwaiter$ConditionPoller.call(ConditionAwaiter.java:248) ~[testcontainers-2.0.3.jar:2.0.3]
	at org.testcontainers.shaded.org.awaitility.core.ConditionAwaiter$ConditionPoller.call(ConditionAwaiter.java:235) ~[testcontainers-2.0.3.jar:2.0.3]
	at java.base/java.util.concurrent.FutureTask.run(FutureTask.java:317) ~[na:na]
	at java.base/java.util.concurrent.ThreadPoolExecutor.runWorker(ThreadPoolExecutor.java:1144) ~[na:na]
	at java.base/java.util.concurrent.ThreadPoolExecutor$Worker.run(ThreadPoolExecutor.java:642) ~[na:na]
	at java.base/java.lang.Thread.run(Thread.java:1583) ~[na:na]

2026-02-18T18:20:34.371+01:00  WARN 11964 --- [           main] o.t.d.DockerClientProviderStrategy       : DOCKER_HOST tcp://127.0.0.1:51576 is not listening

java.net.ConnectException: Connection refused: connect
	at java.base/sun.nio.ch.Net.connect0(Native Method) ~[na:na]
	at java.base/sun.nio.ch.Net.connect(Net.java:589) ~[na:na]
	at java.base/sun.nio.ch.Net.connect(Net.java:578) ~[na:na]
	at java.base/sun.nio.ch.NioSocketImpl.connect(NioSocketImpl.java:583) ~[na:na]
	at java.base/java.net.SocksSocketImpl.connect(SocksSocketImpl.java:327) ~[na:na]
	at java.base/java.net.Socket.connect(Socket.java:751) ~[na:na]
	at java.base/java.net.Socket.connect(Socket.java:686) ~[na:na]
	at org.testcontainers.dockerclient.DockerClientProviderStrategy.lambda$test$3(DockerClientProviderStrategy.java:214) ~[testcontainers-2.0.3.jar:2.0.3]
	at org.testcontainers.shaded.org.awaitility.core.AssertionCondition.lambda$new$0(AssertionCondition.java:53) ~[testcontainers-2.0.3.jar:2.0.3]
	at org.testcontainers.shaded.org.awaitility.core.ConditionAwaiter$ConditionPoller.call(ConditionAwaiter.java:248) ~[testcontainers-2.0.3.jar:2.0.3]
	at org.testcontainers.shaded.org.awaitility.core.ConditionAwaiter$ConditionPoller.call(ConditionAwaiter.java:235) ~[testcontainers-2.0.3.jar:2.0.3]
	at java.base/java.util.concurrent.FutureTask.run(FutureTask.java:317) ~[na:na]
	at java.base/java.util.concurrent.ThreadPoolExecutor.runWorker(ThreadPoolExecutor.java:1144) ~[na:na]
	at java.base/java.util.concurrent.ThreadPoolExecutor$Worker.run(ThreadPoolExecutor.java:642) ~[na:na]
	at java.base/java.lang.Thread.run(Thread.java:1583) ~[na:na]

2026-02-18T18:20:34.696+01:00  INFO 11964 --- [           main] o.t.d.DockerClientProviderStrategy       : Found Docker environment with local Npipe socket (npipe:////./pipe/docker_engine)
2026-02-18T18:20:34.697+01:00  INFO 11964 --- [           main] org.testcontainers.DockerClientFactory   : Docker host IP address is localhost
2026-02-18T18:20:34.724+01:00  INFO 11964 --- [           main] org.testcontainers.DockerClientFactory   : Connected to docker: 
  Server Version: 29.1.2
  API Version: 1.52
  Operating System: Docker Desktop
  Total Memory: 15944 MB
  Labels: 
    com.docker.desktop.address=npipe://\\.\pipe\docker_cli
2026-02-18T18:20:34.731+01:00  INFO 11964 --- [           main] org.testcontainers.DockerClientFactory   : Checking the system...
2026-02-18T18:20:34.731+01:00  INFO 11964 --- [           main] org.testcontainers.DockerClientFactory   : ✔︎ Docker server version should be at least 1.6.0
2026-02-18T18:20:34.812+01:00  INFO 11964 --- [           main] tc.postgres:18.1                         : Creating container for image: postgres:18.1
2026-02-18T18:20:34.888+01:00  INFO 11964 --- [           main] tc.testcontainers/ryuk:0.13.0            : Creating container for image: testcontainers/ryuk:0.13.0
2026-02-18T18:20:35.056+01:00  INFO 11964 --- [           main] tc.testcontainers/ryuk:0.13.0            : Container testcontainers/ryuk:0.13.0 is starting: bdac26a4502fe1656bd954b981dd0dd21ea37c5fe9deae33f47f8f5054ff5f13
2026-02-18T18:20:35.419+01:00  INFO 11964 --- [           main] tc.testcontainers/ryuk:0.13.0            : Container testcontainers/ryuk:0.13.0 started in PT0.5309034S
2026-02-18T18:20:35.561+01:00  INFO 11964 --- [           main] tc.postgres:18.1                         : Container postgres:18.1 is starting: dfb176bb1bf53efb154ab5ca3d15c03e33ced7acd292c4708326348befdb2414
2026-02-18T18:20:37.829+01:00  INFO 11964 --- [           main] tc.postgres:18.1                         : Container postgres:18.1 started in PT3.0167508S
2026-02-18T18:20:37.829+01:00  INFO 11964 --- [           main] tc.postgres:18.1                         : Container is started (JDBC URL: jdbc:postgresql://localhost:59915/test?loggerLevel=OFF)
2026-02-18T18:20:37.956+01:00  INFO 11964 --- [           main] com.zaxxer.hikari.pool.HikariPool        : HikariPool-1 - Added connection org.testcontainers.jdbc.ConnectionWrapper@5c902a83
2026-02-18T18:20:37.957+01:00  INFO 11964 --- [           main] com.zaxxer.hikari.HikariDataSource       : HikariPool-1 - Start completed.
2026-02-18T18:20:37.979+01:00  INFO 11964 --- [           main] org.flywaydb.core.FlywayExecutor         : Database: jdbc:postgresql://localhost:59915/test?loggerLevel=OFF (PostgreSQL 18.1)
2026-02-18T18:20:38.012+01:00  INFO 11964 --- [           main] o.f.c.i.s.JdbcTableSchemaHistory         : Schema history table "public"."flyway_schema_history" does not exist yet
2026-02-18T18:20:38.015+01:00  INFO 11964 --- [           main] o.f.core.internal.command.DbValidate     : Successfully validated 1 migration (execution time 00:00.013s)
2026-02-18T18:20:38.029+01:00  INFO 11964 --- [           main] o.f.c.i.s.JdbcTableSchemaHistory         : Creating Schema History table "public"."flyway_schema_history" ...
2026-02-18T18:20:38.079+01:00  INFO 11964 --- [           main] o.f.core.internal.command.DbMigrate      : Current version of schema "public": << Empty Schema >>
2026-02-18T18:20:38.088+01:00  INFO 11964 --- [           main] o.f.core.internal.command.DbMigrate      : Migrating schema "public" to version "1.0 - create base schema"
2026-02-18T18:20:38.114+01:00  INFO 11964 --- [           main] o.f.core.internal.command.DbMigrate      : Successfully applied 1 migration to schema "public", now at version v1.0 (execution time 00:00.007s)
2026-02-18T18:20:38.124+01:00  INFO 11964 --- [           main] c.a.m.test.ModuleTestFlywayStrategy      : migrating schema email from db/email/migration for module email
2026-02-18T18:20:38.149+01:00  INFO 11964 --- [           main] org.flywaydb.core.FlywayExecutor         : Database: jdbc:postgresql://localhost:59915/test?loggerLevel=OFF (PostgreSQL 18.1)
2026-02-18T18:20:38.163+01:00  INFO 11964 --- [           main] o.f.core.internal.database.base.Schema   : Creating schema "email" ...
2026-02-18T18:20:38.167+01:00  INFO 11964 --- [           main] o.f.c.i.s.JdbcTableSchemaHistory         : Creating Schema History table "email"."flyway_schema_history" ...
2026-02-18T18:20:38.189+01:00  INFO 11964 --- [           main] o.f.core.internal.command.DbMigrate      : Current version of schema "email": null
2026-02-18T18:20:38.194+01:00  INFO 11964 --- [           main] o.f.core.internal.command.DbMigrate      : Migrating schema "email" to version "1.01 - create email schema"
2026-02-18T18:20:38.212+01:00  INFO 11964 --- [           main] o.f.core.internal.command.DbMigrate      : Migrating schema "email" to version "1.02 - data migration"
2026-02-18T18:20:38.220+01:00  INFO 11964 --- [           main] o.f.c.i.s.DefaultSqlScriptExecutor       : DB: Table core.email_outbox does not exist. Skipping.
2026-02-18T18:20:38.220+01:00  INFO 11964 --- [           main] o.f.c.i.s.DefaultSqlScriptExecutor       : +----------------------+
| copy_table_if_exists |
+----------------------+
|                      |
+----------------------+

2026-02-18T18:20:38.235+01:00  INFO 11964 --- [           main] o.f.core.internal.command.DbMigrate      : Migrating schema "email" to version "1.03 - markdown support"
2026-02-18T18:20:38.250+01:00  INFO 11964 --- [           main] o.f.core.internal.command.DbMigrate      : Migrating schema "email" to version "1.04 - rework mgt columns"
2026-02-18T18:20:38.266+01:00  INFO 11964 --- [           main] o.f.core.internal.command.DbMigrate      : Migrating schema "email" to version "1.05 - fix outbox nullability"
2026-02-18T18:20:38.279+01:00  INFO 11964 --- [           main] o.f.core.internal.command.DbMigrate      : Migrating schema "email" to version "1.06 - drop outbox sender"
2026-02-18T18:20:38.293+01:00  INFO 11964 --- [           main] o.f.core.internal.command.DbMigrate      : Migrating schema "email" to version "1.07 - add message uid"
2026-02-18T18:20:38.304+01:00  INFO 11964 --- [           main] o.f.core.internal.command.DbMigrate      : Successfully applied 7 migrations to schema "email", now at version v1.07 (execution time 00:00.039s)
2026-02-18T18:20:38.308+01:00  INFO 11964 --- [           main] c.a.m.test.ModuleTestFlywayStrategy      : flyway migrations completed
2026-02-18T18:20:38.364+01:00  INFO 11964 --- [           main] org.hibernate.orm.jpa                    : HHH008540: Processing PersistenceUnitInfo [name: default]
2026-02-18T18:20:38.414+01:00  INFO 11964 --- [           main] org.hibernate.orm.core                   : HHH000001: Hibernate ORM core version 7.2.1.Final
2026-02-18T18:20:38.684+01:00  INFO 11964 --- [           main] o.s.o.j.p.SpringPersistenceUnitInfo      : No LoadTimeWeaver setup: ignoring JPA class transformer
2026-02-18T18:20:38.756+01:00  INFO 11964 --- [           main] org.hibernate.orm.connections.pooling    : HHH10001005: Database info:
	Database JDBC URL [jdbc:postgresql://localhost:59915/test?loggerLevel=OFF]
	Database driver: PostgreSQL JDBC Driver
	Database dialect: PostgreSQLDialect
	Database version: 18.1
	Default catalog/schema: test/public
	Autocommit mode: undefined/unknown
	Isolation level: READ_COMMITTED [default READ_COMMITTED]
	JDBC fetch size: none
	Pool: DataSourceConnectionProvider
	Minimum pool size: undefined/unknown
	Maximum pool size: undefined/unknown
2026-02-18T18:20:39.380+01:00  INFO 11964 --- [           main] org.hibernate.orm.core                   : HHH000489: No JTA platform available (set 'hibernate.transaction.jta.platform' to enable JTA platform integration)
2026-02-18T18:20:39.418+01:00  INFO 11964 --- [           main] j.LocalContainerEntityManagerFactoryBean : Initialized JPA EntityManagerFactory for persistence unit 'default'
2026-02-18T18:20:39.491+01:00  INFO 11964 --- [           main] o.s.d.j.r.query.QueryEnhancerFactories   : Hibernate is in classpath; If applicable, HQL parser will be used.
2026-02-18T18:20:40.593+01:00  WARN 11964 --- [           main] JpaBaseConfiguration$JpaWebConfiguration : spring.jpa.open-in-view is enabled by default. Therefore, database queries may be performed during view rendering. Explicitly configure spring.jpa.open-in-view to disable this warning
2026-02-18T18:20:40.716+01:00  WARN 11964 --- [           main] .s.a.UserDetailsServiceAutoConfiguration : 

Using generated security password: 1246579b-fb43-4085-bd57-5685bb6ff296

This generated password is for development use only. Your security configuration must be updated before running your application in production.

2026-02-18T18:20:40.721+01:00  INFO 11964 --- [           main] r$InitializeUserDetailsManagerConfigurer : Global AuthenticationManager configured with UserDetailsService bean with name inMemoryUserDetailsManager
2026-02-18T18:20:41.131+01:00  INFO 11964 --- [           main] o.s.b.a.e.web.EndpointLinksResolver      : Exposing 1 endpoint beneath base path '/actuator'
2026-02-18T18:20:41.499+01:00  INFO 11964 --- [           main] o.s.b.t.m.w.SpringBootMockServletContext : Initializing Spring TestDispatcherServlet ''
2026-02-18T18:20:41.499+01:00  INFO 11964 --- [           main] o.s.t.web.servlet.TestDispatcherServlet  : Initializing Servlet ''
2026-02-18T18:20:41.500+01:00  INFO 11964 --- [           main] o.s.t.web.servlet.TestDispatcherServlet  : Completed initialization in 1 ms
2026-02-18T18:20:41.556+01:00  INFO 11964 --- [           main] c.a.m.e.outbox.EmailSendServiceImplTest  : Started EmailSendServiceImplTest in 9.861 seconds (process running for 12.057)
Hibernate: select eo1_0.id,eo1_0.body_content,eo1_0.body_format,eo1_0.created_at,eo1_0.message_uid,eo1_0.recipient,eo1_0.sent,eo1_0.sent_at,eo1_0.subject,eo1_0.version from email.outbox eo1_0
Hibernate: select nextval('hibernate_seq')
2026-02-18T18:20:41.827+01:00  INFO 11964 --- [           main] c.a.m.email.outbox.EmailSendServiceImpl  : email recorded for sending: EmailOutbox(id=1000000, bodyFormat=TEXT, recipient='dummy@example.org', subject='This is a test message', bodyContent=[22 chars], createdAt=2026-02-18T18:20:41.808577600, messageUid=null)
Hibernate: insert into email.outbox (body_content,body_format,created_at,message_uid,recipient,sent,sent_at,subject,version,id) values (?,?,?,?,?,?,?,?,?,?)
Hibernate: select nextval('hibernate_seq')
2026-02-18T18:20:41.848+01:00  INFO 11964 --- [           main] c.a.m.email.outbox.EmailSendServiceImpl  : email recorded for sending: EmailOutbox(id=1000001, bodyFormat=TEXT, recipient='dummy@example.org', subject='This is a test message', bodyContent=[22 chars], createdAt=2026-02-18T18:20:41.846593200, messageUid=null)
Hibernate: insert into email.outbox (body_content,body_format,created_at,message_uid,recipient,sent,sent_at,subject,version,id) values (?,?,?,?,?,?,?,?,?,?)
Hibernate: select eo1_0.id,eo1_0.body_content,eo1_0.body_format,eo1_0.created_at,eo1_0.message_uid,eo1_0.recipient,eo1_0.sent,eo1_0.sent_at,eo1_0.subject,eo1_0.version from email.outbox eo1_0
]]></system-out>
  </testcase>
  <testcase name="sending message with uid twice creates 1 message" classname="ch.awae.mycloud.email.outbox.EmailSendServiceImplTest" time="0.06">
    <system-out><![CDATA[Hibernate: select eo1_0.id,eo1_0.body_content,eo1_0.body_format,eo1_0.created_at,eo1_0.message_uid,eo1_0.recipient,eo1_0.sent,eo1_0.sent_at,eo1_0.subject,eo1_0.version from email.outbox eo1_0
Hibernate: delete from email.outbox where id=? and version=?
Hibernate: delete from email.outbox where id=? and version=?
Hibernate: select eo1_0.id from email.outbox eo1_0 where eo1_0.message_uid=? fetch first ? rows only
Hibernate: select nextval('hibernate_seq')
2026-02-18T18:20:41.910+01:00  INFO 11964 --- [           main] c.a.m.email.outbox.EmailSendServiceImpl  : email recorded for sending: EmailOutbox(id=1000002, bodyFormat=TEXT, recipient='dummy@example.org', subject='This is a test message', bodyContent=[22 chars], createdAt=2026-02-18T18:20:41.909377800, messageUid=message-1)
Hibernate: insert into email.outbox (body_content,body_format,created_at,message_uid,recipient,sent,sent_at,subject,version,id) values (?,?,?,?,?,?,?,?,?,?)
Hibernate: select eo1_0.id from email.outbox eo1_0 where eo1_0.message_uid=? fetch first ? rows only
2026-02-18T18:20:41.914+01:00  WARN 11964 --- [           main] c.a.m.email.outbox.EmailSendServiceImpl  : email with uid message-1 already exists, skipping
Hibernate: select eo1_0.id,eo1_0.body_content,eo1_0.body_format,eo1_0.created_at,eo1_0.message_uid,eo1_0.recipient,eo1_0.sent,eo1_0.sent_at,eo1_0.subject,eo1_0.version from email.outbox eo1_0
]]></system-out>
  </testcase>
  <testcase name="sending a message works" classname="ch.awae.mycloud.email.outbox.EmailSendServiceImplTest" time="0.017">
    <system-out><![CDATA[Hibernate: select eo1_0.id,eo1_0.body_content,eo1_0.body_format,eo1_0.created_at,eo1_0.message_uid,eo1_0.recipient,eo1_0.sent,eo1_0.sent_at,eo1_0.subject,eo1_0.version from email.outbox eo1_0
Hibernate: delete from email.outbox where id=? and version=?
Hibernate: select nextval('hibernate_seq')
2026-02-18T18:20:41.929+01:00  INFO 11964 --- [           main] c.a.m.email.outbox.EmailSendServiceImpl  : email recorded for sending: EmailOutbox(id=1000003, bodyFormat=TEXT, recipient='dummy@example.org', subject='This is a test message', bodyContent=[22 chars], createdAt=2026-02-18T18:20:41.928738100, messageUid=null)
Hibernate: insert into email.outbox (body_content,body_format,created_at,message_uid,recipient,sent,sent_at,subject,version,id) values (?,?,?,?,?,?,?,?,?,?)
Hibernate: select eo1_0.id,eo1_0.body_content,eo1_0.body_format,eo1_0.created_at,eo1_0.message_uid,eo1_0.recipient,eo1_0.sent,eo1_0.sent_at,eo1_0.subject,eo1_0.version from email.outbox eo1_0
]]></system-out>
  </testcase>
</testsuite>