<?xml version="1.0" encoding="UTF-8"?>
<testsuite xmlns:xsi="http://www.w3.org/2001/XMLSchema-instance" xsi:noNamespaceSchemaLocation="https://maven.apache.org/surefire/maven-surefire-plugin/xsd/surefire-test-report.xsd" version="3.0.2" name="ch.awae.mycloud.features.facade.rest.FeatureFlagControllerDefaultTrueTest" time="1.294" tests="1" errors="0" skipped="0" failures="0">
  <properties>
[...]
</properties>
  <testcase name="returns full list" classname="ch.awae.mycloud.features.facade.rest.FeatureFlagControllerDefaultTrueTest" time="0.546">
    <system-out><![CDATA[
  .   ____          _            __ _ _
 /\\ / ___'_ __ _ _(_)_ __  __ _ \ \ \ \
( ( )\___ | '_ | '_| | '_ \/ _` | \ \ \ \
 \\/  ___)| |_)| | | | | || (_| |  ) ) ) )
  '  |____| .__|_| |_|_| |_\__, | / / / /
 =========|_|==============|___/=/_/_/_/

 :: Spring Boot ::                (v4.0.2)

2026-02-18T18:20:58.152+01:00  INFO 32464 --- [           main] f.r.FeatureFlagControllerDefaultTrueTest : Starting FeatureFlagControllerDefaultTrueTest using Java 21.0.5 with PID 32464 (started by andre in C:\Users\andre\IdeaProjects\my-cloud\modules\module-features)
2026-02-18T18:20:58.152+01:00  INFO 32464 --- [           main] f.r.FeatureFlagControllerDefaultTrueTest : The following 2 profiles are active: "module-web-test", "default-true"
2026-02-18T18:20:58.618+01:00  WARN 32464 --- [           main] .s.a.UserDetailsServiceAutoConfiguration : 

Using generated security password: f2df6784-092f-4c96-bcfb-38c3f4ec314b

This generated password is for development use only. Your security configuration must be updated before running your application in production.

2026-02-18T18:20:58.620+01:00  INFO 32464 --- [           main] r$InitializeUserDetailsManagerConfigurer : Global AuthenticationManager configured with UserDetailsService bean with name inMemoryUserDetailsManager
2026-02-18T18:20:58.820+01:00  INFO 32464 --- [           main] o.s.b.t.m.w.SpringBootMockServletContext : Initializing Spring TestDispatcherServlet ''
2026-02-18T18:20:58.820+01:00  INFO 32464 --- [           main] o.s.t.web.servlet.TestDispatcherServlet  : Initializing Servlet ''
2026-02-18T18:20:58.822+01:00  INFO 32464 --- [           main] o.s.t.web.servlet.TestDispatcherServlet  : Completed initialization in 2 ms
2026-02-18T18:20:58.840+01:00  INFO 32464 --- [           main] f.r.FeatureFlagControllerDefaultTrueTest : Started FeatureFlagControllerDefaultTrueTest in 0.708 seconds (process running for 14.037)
]]></system-out>
  </testcase>
</testsuite>