<?xml version="1.0" encoding="UTF-8"?>
<testsuite xmlns:xsi="http://www.w3.org/2001/XMLSchema-instance" xsi:noNamespaceSchemaLocation="https://maven.apache.org/surefire/maven-surefire-plugin/xsd/surefire-test-report.xsd" version="3.0.2" name="ch.awae.mycloud.auth.service.AuthenticationServiceTest" time="4.494" tests="6" errors="0" skipped="0" failures="0">
  <properties>
[...]
</properties>
  <testcase name="testAuthenticateApiKey" classname="ch.awae.mycloud.auth.service.AuthenticationServiceTest" time="0.048">
    <system-out><![CDATA[
  .   ____          _            __ _ _
 /\\ / ___'_ __ _ _(_)_ __  __ _ \ \ \ \
( ( )\___ | '_ | '_| | '_ \/ _` | \ \ \ \
 \\/  ___)| |_)| | | | | || (_| |  ) ) ) )
  '  |____| .__|_| |_|_| |_\__, | / / / /
 =========|_|==============|___/=/_/_/_/

 :: Spring Boot ::                (v4.0.2)

2026-02-18T18:20:16.311+01:00  INFO 34992 --- [           main] c.a.m.a.s.AuthenticationServiceTest      : Starting AuthenticationServiceTest using Java 21.0.5 with PID 34992 (started by andre in C:\Users\andre\IdeaProjects\my-cloud\modules\module-auth)
2026-02-18T18:20:16.311+01:00 DEBUG 34992 --- [           main] c.a.m.a.s.AuthenticationServiceTest      : Running with Spring Boot v4.0.2, Spring v7.0.3
2026-02-18T18:20:16.311+01:00  INFO 34992 --- [           main] c.a.m.a.s.AuthenticationServiceTest      : The following 2 profiles are active: "test-container", "module-test"
2026-02-18T18:20:16.533+01:00  INFO 34992 --- [           main] .s.d.r.c.RepositoryConfigurationDelegate : Bootstrapping Spring Data JPA repositories in DEFAULT mode.
2026-02-18T18:20:16.557+01:00  INFO 34992 --- [           main] .s.d.r.c.RepositoryConfigurationDelegate : Finished Spring Data repository scanning in 21 ms. Found 4 JPA repository interfaces.
2026-02-18T18:20:16.831+01:00  INFO 34992 --- [           main] c.a.m.test.ModuleTestFlywayStrategy      : migrating core schema
2026-02-18T18:20:16.844+01:00  INFO 34992 --- [           main] com.zaxxer.hikari.HikariDataSource       : HikariPool-2 - Starting...
2026-02-18T18:20:16.845+01:00  INFO 34992 --- [           main] tc.postgres:18.1                         : Creating container for image: postgres:18.1
2026-02-18T18:20:16.991+01:00  INFO 34992 --- [           main] tc.postgres:18.1                         : Container postgres:18.1 is starting: 13f77cfd12488aad3fa1a52b9e7ff7d6f25129934ea0be284adfa39a53ac175f
2026-02-18T18:20:19.687+01:00  INFO 34992 --- [           main] tc.postgres:18.1                         : Container postgres:18.1 started in PT2.8423375S
2026-02-18T18:20:19.687+01:00  INFO 34992 --- [           main] tc.postgres:18.1                         : Container is started (JDBC URL: jdbc:postgresql://localhost:59851/test?loggerLevel=OFF)
2026-02-18T18:20:19.712+01:00  INFO 34992 --- [           main] com.zaxxer.hikari.pool.HikariPool        : HikariPool-2 - Added connection org.testcontainers.jdbc.ConnectionWrapper@4f29208d
2026-02-18T18:20:19.712+01:00  INFO 34992 --- [           main] com.zaxxer.hikari.HikariDataSource       : HikariPool-2 - Start completed.
2026-02-18T18:20:19.714+01:00  INFO 34992 --- [           main] org.flywaydb.core.FlywayExecutor         : Database: jdbc:postgresql://localhost:59851/test?loggerLevel=OFF (PostgreSQL 18.1)
2026-02-18T18:20:19.728+01:00  INFO 34992 --- [           main] o.f.c.i.s.JdbcTableSchemaHistory         : Schema history table "public"."flyway_schema_history" does not exist yet
2026-02-18T18:20:19.728+01:00  INFO 34992 --- [           main] o.f.core.internal.command.DbValidate     : Successfully validated 1 migration (execution time 00:00.003s)
2026-02-18T18:20:19.739+01:00  INFO 34992 --- [           main] o.f.c.i.s.JdbcTableSchemaHistory         : Creating Schema History table "public"."flyway_schema_history" ...
2026-02-18T18:20:19.772+01:00  INFO 34992 --- [           main] o.f.core.internal.command.DbMigrate      : Current version of schema "public": << Empty Schema >>
2026-02-18T18:20:19.776+01:00  INFO 34992 --- [           main] o.f.core.internal.command.DbMigrate      : Migrating schema "public" to version "1.0 - create base schema"
2026-02-18T18:20:19.790+01:00  INFO 34992 --- [           main] o.f.core.internal.command.DbMigrate      : Successfully applied 1 migration to schema "public", now at version v1.0 (execution time 00:00.006s)
2026-02-18T18:20:19.795+01:00  INFO 34992 --- [           main] c.a.m.test.ModuleTestFlywayStrategy      : migrating schema auth from db/auth/migration for module auth
2026-02-18T18:20:19.810+01:00  INFO 34992 --- [           main] org.flywaydb.core.FlywayExecutor         : Database: jdbc:postgresql://localhost:59851/test?loggerLevel=OFF (PostgreSQL 18.1)
2026-02-18T18:20:19.822+01:00  INFO 34992 --- [           main] o.f.core.internal.database.base.Schema   : Creating schema "auth" ...
2026-02-18T18:20:19.826+01:00  INFO 34992 --- [           main] o.f.c.i.s.JdbcTableSchemaHistory         : Creating Schema History table "auth"."flyway_schema_history" ...
2026-02-18T18:20:19.846+01:00  INFO 34992 --- [           main] o.f.core.internal.command.DbMigrate      : Current version of schema "auth": null
2026-02-18T18:20:19.851+01:00  INFO 34992 --- [           main] o.f.core.internal.command.DbMigrate      : Migrating schema "auth" to version "1.01 - create auth schema"
2026-02-18T18:20:19.880+01:00  INFO 34992 --- [           main] o.f.core.internal.command.DbMigrate      : Migrating schema "auth" to version "1.02 - data migration"
2026-02-18T18:20:19.888+01:00  INFO 34992 --- [           main] o.f.c.i.s.DefaultSqlScriptExecutor       : DB: Table core.auth_account does not exist. Skipping.
2026-02-18T18:20:19.888+01:00  INFO 34992 --- [           main] o.f.c.i.s.DefaultSqlScriptExecutor       : +----------------------+
| copy_table_if_exists |
+----------------------+
|                      |
+----------------------+

2026-02-18T18:20:19.889+01:00  INFO 34992 --- [           main] o.f.c.i.s.DefaultSqlScriptExecutor       : DB: Table core.auth_token does not exist. Skipping.
2026-02-18T18:20:19.889+01:00  INFO 34992 --- [           main] o.f.c.i.s.DefaultSqlScriptExecutor       : +----------------------+
| copy_table_if_exists |
+----------------------+
|                      |
+----------------------+

2026-02-18T18:20:19.891+01:00  INFO 34992 --- [           main] o.f.c.i.s.DefaultSqlScriptExecutor       : DB: Table core.auth_role does not exist. Skipping.
2026-02-18T18:20:19.891+01:00  INFO 34992 --- [           main] o.f.c.i.s.DefaultSqlScriptExecutor       : +----------------------+
| copy_table_if_exists |
+----------------------+
|                      |
+----------------------+

2026-02-18T18:20:19.892+01:00  INFO 34992 --- [           main] o.f.c.i.s.DefaultSqlScriptExecutor       : DB: Table core.auth_account_role does not exist. Skipping.
2026-02-18T18:20:19.892+01:00  INFO 34992 --- [           main] o.f.c.i.s.DefaultSqlScriptExecutor       : +----------------------+
| copy_table_if_exists |
+----------------------+
|                      |
+----------------------+

2026-02-18T18:20:19.904+01:00  INFO 34992 --- [           main] o.f.core.internal.command.DbMigrate      : Migrating schema "auth" to version "1.03 - add email to users"
2026-02-18T18:20:19.918+01:00  INFO 34992 --- [           main] o.f.core.internal.command.DbMigrate      : Migrating schema "auth" to version "1.04 - add valid until"
2026-02-18T18:20:19.933+01:00  INFO 34992 --- [           main] o.f.core.internal.command.DbMigrate      : Migrating schema "auth" to version "1.05 - add api key tables"
2026-02-18T18:20:19.950+01:00  INFO 34992 --- [           main] o.f.core.internal.command.DbMigrate      : Migrating schema "auth" to version "1.06 - remove management columns"
2026-02-18T18:20:19.973+01:00  INFO 34992 --- [           main] o.f.core.internal.command.DbMigrate      : Migrating schema "auth" to version "1.07 - reduce auth token size"
2026-02-18T18:20:19.989+01:00  INFO 34992 --- [           main] o.f.core.internal.command.DbMigrate      : Migrating schema "auth" to version "1.08 - add authorities column"
2026-02-18T18:20:20.005+01:00  INFO 34992 --- [           main] o.f.core.internal.command.DbMigrate      : Migrating schema "auth" to version "1.09 - alter role drop enabled"
2026-02-18T18:20:20.016+01:00  INFO 34992 --- [           main] o.f.core.internal.command.DbMigrate      : Successfully applied 9 migrations to schema "auth", now at version v1.09 (execution time 00:00.073s)
2026-02-18T18:20:20.020+01:00  INFO 34992 --- [           main] c.a.m.test.ModuleTestFlywayStrategy      : flyway migrations completed
2026-02-18T18:20:20.042+01:00  INFO 34992 --- [           main] org.hibernate.orm.jpa                    : HHH008540: Processing PersistenceUnitInfo [name: default]
2026-02-18T18:20:20.078+01:00  INFO 34992 --- [           main] o.s.o.j.p.SpringPersistenceUnitInfo      : No LoadTimeWeaver setup: ignoring JPA class transformer
2026-02-18T18:20:20.087+01:00  INFO 34992 --- [           main] org.hibernate.orm.connections.pooling    : HHH10001005: Database info:
	Database JDBC URL [jdbc:postgresql://localhost:59851/test?loggerLevel=OFF]
	Database driver: PostgreSQL JDBC Driver
	Database dialect: PostgreSQLDialect
	Database version: 18.1
	Default catalog/schema: test/public
	Autocommit mode: undefined/unknown
	Isolation level: READ_COMMITTED [default READ_COMMITTED]
	JDBC fetch size: none
	Pool: DataSourceConnectionProvider
	Minimum pool size: undefined/unknown
	Maximum pool size: undefined/unknown
2026-02-18T18:20:20.164+01:00  INFO 34992 --- [           main] org.hibernate.orm.core                   : HHH000489: No JTA platform available (set 'hibernate.transaction.jta.platform' to enable JTA platform integration)
2026-02-18T18:20:20.180+01:00  INFO 34992 --- [           main] j.LocalContainerEntityManagerFactoryBean : Initialized JPA EntityManagerFactory for persistence unit 'default'
2026-02-18T18:20:20.309+01:00  WARN 34992 --- [           main] JpaBaseConfiguration$JpaWebConfiguration : spring.jpa.open-in-view is enabled by default. Therefore, database queries may be performed during view rendering. Explicitly configure spring.jpa.open-in-view to disable this warning
2026-02-18T18:20:20.337+01:00  WARN 34992 --- [           main] .s.a.UserDetailsServiceAutoConfiguration : 

Using generated security password: da5a4b38-d390-42b8-ae83-bb1585710b37

This generated password is for development use only. Your security configuration must be updated before running your application in production.

2026-02-18T18:20:20.337+01:00  INFO 34992 --- [           main] r$InitializeUserDetailsManagerConfigurer : Global AuthenticationManager configured with UserDetailsService bean with name inMemoryUserDetailsManager
2026-02-18T18:20:20.441+01:00  INFO 34992 --- [           main] o.s.b.a.e.web.EndpointLinksResolver      : Exposing 1 endpoint beneath base path '/actuator'
2026-02-18T18:20:20.539+01:00  INFO 34992 --- [           main] o.s.b.t.m.w.SpringBootMockServletContext : Initializing Spring TestDispatcherServlet ''
2026-02-18T18:20:20.539+01:00  INFO 34992 --- [           main] o.s.t.web.servlet.TestDispatcherServlet  : Initializing Servlet ''
2026-02-18T18:20:20.541+01:00  INFO 34992 --- [           main] o.s.t.web.servlet.TestDispatcherServlet  : Completed initialization in 2 ms
2026-02-18T18:20:20.549+01:00  INFO 34992 --- [           main] c.a.m.a.s.AuthenticationServiceTest      : Started AuthenticationServiceTest in 4.261 seconds (process running for 21.015)
Hibernate: select count(*) from auth.account a1_0 where a1_0.admin
2026-02-18T18:20:20.554+01:00  WARN 34992 --- [           main] c.a.m.auth.config.InitialUserCreator     : no administrator found. creating default 'admin'
Hibernate: select nextval('hibernate_seq')
Hibernate: insert into auth.account (admin,email,enabled,language,password,username,version,id) values (?,?,?,?,?,?,?,?)
Hibernate: select r1_0.id,r1_0.authorities,r1_0.description,r1_0.name,r1_0.version from auth.role r1_0
Hibernate: select ak1_0.id,ak1_0.authorities,ak1_0.creation_time,ak1_0.name,ak1_0.owner_id,ak1_0.token_string,ak1_0.version from auth.api_key ak1_0 join auth.account o1_0 on o1_0.id=ak1_0.owner_id where ak1_0.token_string=? and o1_0.enabled
Hibernate: select a1_0.id,a1_0.admin,a1_0.email,a1_0.enabled,a1_0.language,a1_0.password,a1_0.username,a1_0.version from auth.account a1_0 where a1_0.id=?
Hibernate: select r1_0.account_id,r1_1.id,r1_1.authorities,r1_1.description,r1_1.name,r1_1.version from auth.account_role r1_0 join auth.role r1_1 on r1_1.id=r1_0.role_id where r1_0.account_id=?
]]></system-out>
  </testcase>
  <testcase name="testAuthenticateDisabledUser" classname="ch.awae.mycloud.auth.service.AuthenticationServiceTest" time="0.025">
    <system-out><![CDATA[Hibernate: select a1_0.id,a1_0.admin,a1_0.email,a1_0.enabled,a1_0.language,a1_0.password,a1_0.username,a1_0.version from auth.auth_token at1_0 join auth.account a1_0 on a1_0.id=at1_0.account_id where at1_0.token_string=? and at1_0.valid_until>=localtimestamp and a1_0.enabled
]]></system-out>
  </testcase>
  <testcase name="testAuthenticateUnsupportedTokenType" classname="ch.awae.mycloud.auth.service.AuthenticationServiceTest" time="0.004">
    <system-out><![CDATA[2026-02-18T18:20:20.699+01:00  WARN 34992 --- [           main] c.a.m.a.service.AuthenticationService    : unsupported authentication scheme: Unsupported
]]></system-out>
  </testcase>
  <testcase name="testAuthenticateValidToken" classname="ch.awae.mycloud.auth.service.AuthenticationServiceTest" time="0.021">
    <system-out><![CDATA[Hibernate: select a1_0.id,a1_0.admin,a1_0.email,a1_0.enabled,a1_0.language,a1_0.password,a1_0.username,a1_0.version from auth.auth_token at1_0 join auth.account a1_0 on a1_0.id=at1_0.account_id where at1_0.token_string=? and at1_0.valid_until>=localtimestamp and a1_0.enabled
Hibernate: select r1_0.account_id,r1_1.id,r1_1.authorities,r1_1.description,r1_1.name,r1_1.version from auth.account_role r1_0 join auth.role r1_1 on r1_1.id=r1_0.role_id where r1_0.account_id=?
]]></system-out>
  </testcase>
  <testcase name="testAuthenticateApiKeyDisabledUser" classname="ch.awae.mycloud.auth.service.AuthenticationServiceTest" time="0.02">
    <system-out><![CDATA[Hibernate: select ak1_0.id,ak1_0.authorities,ak1_0.creation_time,ak1_0.name,ak1_0.owner_id,ak1_0.token_string,ak1_0.version from auth.api_key ak1_0 join auth.account o1_0 on o1_0.id=ak1_0.owner_id where ak1_0.token_string=? and o1_0.enabled
]]></system-out>
  </testcase>
  <testcase name="testAuthenticateInvalidToken" classname="ch.awae.mycloud.auth.service.AuthenticationServiceTest" time="0.018">
    <system-out><![CDATA[Hibernate: select a1_0.id,a1_0.admin,a1_0.email,a1_0.enabled,a1_0.language,a1_0.password,a1_0.username,a1_0.version from auth.auth_token at1_0 join auth.account a1_0 on a1_0.id=at1_0.account_id where at1_0.token_string=? and at1_0.valid_until>=localtimestamp and a1_0.enabled
]]></system-out>
  </testcase>
</testsuite>